<?xml version="1.0" encoding="UTF-8"?>
<!-- Generated by org.testng.reporters.JUnitReportReporter -->
<testsuite hostname="Andreas-MacBook-Pro.local" failures="0" tests="2" name="Edit.EjercicioClase1.Clase2" time="24.887" errors="0" timestamp="2024-04-21T16:37:23 ART" skipped="0">
  <testcase classname="Edit.EjercicioClase1.Clase2" name="loginFirefox" time="10.329"/>
  <testcase classname="Edit.EjercicioClase1.Clase2" name="loginChrome" time="14.558"/>
</testsuite> <!-- Edit.EjercicioClase1.Clase2 -->
