<?xml version="1.0" encoding="UTF-8"?>
<!-- Generated by org.testng.reporters.JUnitReportReporter -->
<testsuite hostname="Andreas-MacBook-Pro.local" failures="0" tests="4" name="Edit.EjercicioClase1.CrossBrowserTest" time="11.054" errors="0" timestamp="2024-04-21T16:47:35 ART" skipped="0">
  <testcase classname="Edit.EjercicioClase1.CrossBrowserTest" name="login" time="3.237"/>
  <testcase classname="Edit.EjercicioClase1.CrossBrowserTest" name="login" time="2.931"/>
  <testcase classname="Edit.EjercicioClase1.CrossBrowserTest" name="CreateOrder" time="2.363"/>
  <testcase classname="Edit.EjercicioClase1.CrossBrowserTest" name="CreateOrder" time="2.523"/>
</testsuite> <!-- Edit.EjercicioClase1.CrossBrowserTest -->
