<?xml version="1.0" encoding="UTF-8"?>
<!-- Generated by org.testng.reporters.JUnitReportReporter -->
<testsuite hostname="Andreas-MacBook-Pro.local" failures="0" tests="2" name="Edit.EjercicioClase1.Clase5" time="5.904" errors="0" timestamp="2024-04-21T17:46:06 ART" skipped="0">
  <testcase classname="Edit.EjercicioClase1.Clase5" name="login" time="3.855"/>
  <testcase classname="Edit.EjercicioClase1.Clase5" name="CreateOrder" time="2.049"/>
</testsuite> <!-- Edit.EjercicioClase1.Clase5 -->
