<?xml version="1.0" encoding="UTF-8"?>
<!-- Generated by org.testng.reporters.JUnitReportReporter -->
<testsuite hostname="Andreas-MacBook-Pro.local" failures="0" tests="1" name="Edit.EjercicioClase1.Clase3" time="13.471" errors="0" timestamp="2024-04-21T16:37:23 ART" skipped="0">
  <testcase classname="Edit.EjercicioClase1.Clase3" name="CreateOrder" time="13.471"/>
</testsuite> <!-- Edit.EjercicioClase1.Clase3 -->
