<?xml version="1.0" encoding="UTF-8"?>
<!-- Generated by org.testng.reporters.JUnitReportReporter -->
<testsuite hostname="Andreas-MacBook-Pro.local" failures="0" tests="2" name="Edit.EjercicioClase1.Clase4" time="5.407" errors="0" timestamp="2024-04-21T16:37:23 ART" skipped="0">
  <testcase classname="Edit.EjercicioClase1.Clase4" name="login" time="3.105"/>
  <testcase classname="Edit.EjercicioClase1.Clase4" name="CreateOrder" time="2.302"/>
</testsuite> <!-- Edit.EjercicioClase1.Clase4 -->
